20240619	17:52:46	499588e1-4bc6-4a3b-8c22-6b7410619c64	GET	/	undefined
20240619	17:52:46	ef5f5380-fc59-4df5-8ace-365c5d2d8336	GET	/css/style.css	undefined
20240619	18:15:33	1b485d44-9bb8-402c-b9a3-7309b0e8dddc	OPTIONS	/	https://www.google.com
20240619	18:15:33	dbfd5edd-c315-4a27-81a6-50a85425d1aa	GET	/	https://www.google.com
20240619	18:26:26	ee819c1a-c1de-494f-a099-dbd1a9ad3d4c	OPTIONS	/	https://www.google.com
20240619	18:26:26	91987172-a5db-4456-8b23-43e5e8f886a4	GET	/	https://www.google.com
20240619	18:47:58	ab0528fd-e93d-49bc-90f5-2e0fdcce9cd9	OPTIONS	/	https://www.google.com
20240619	18:47:58	81bdc000-8b15-4ad8-9978-b6050ef68948	GET	/	https://www.google.com
20240620	10:12:47	10799508-636c-4696-885d-657d30a878ff	GET	/	undefined
20240620	10:13:00	bf22c788-bec6-4cd4-a32b-ea8e1ff87f8f	GET	/users	undefined
20240620	10:14:11	b440d5e9-27ed-4990-944a-12f7168ebaec	GET	/users	undefined
20240620	10:18:00	13cfbc2d-d76d-4d92-88a8-bfaf68b6e1e4	GET	/users	undefined
20240620	10:22:20	90a4b65d-0997-4709-8eeb-f6494021c43b	GET	/users	undefined
20240620	10:24:26	dd7a6bbe-8479-4c5f-8ad1-d83c8f1d11b7	GET	/users	undefined
20240620	10:24:26	105e5f3f-6566-41ae-9b09-aa4ce9b0bf37	GET	/css/style.css	undefined
20240620	10:24:26	8fc312f8-24c0-4e80-90d0-7803f7d5d16a	GET	/favicon.ico	undefined
20240620	10:24:34	46f10cf1-edee-4f57-82c8-3274e737b2ac	GET	/	undefined
20240620	10:24:34	e50f4c59-d7bb-4f86-b1a8-6aa5f4a4f31d	GET	/css/style.css	undefined
20240620	10:24:48	bd51b1ea-16b7-4a86-9dd8-69b710f9d2a3	GET	/users	undefined
20240620	10:24:48	87ce890b-3178-4b96-afbb-e5d9f9a6fed3	GET	/css/style.css	undefined
20240620	10:55:38	abb823ae-db53-4945-ae4f-9841e95b2e57	GET	/users	undefined
20240620	10:58:52	c4cb3b56-d4d2-4b0d-b95a-431143df125f	POST	/users	undefined
20240620	10:59:34	63a7b12a-fecc-4759-bfdd-b92e1ed365b3	POST	/users	undefined
20240620	10:59:41	5d9c8c4e-f05e-44fd-8706-023cc0063dce	POST	/users	undefined
20240620	11:00:33	5e2904e6-58be-4f7d-adb9-b5a93c0798b0	POST	/users	undefined
20240620	11:01:31	3316f781-e460-4134-ad5c-c32856cb7e62	POST	/users	undefined
20240620	11:04:28	016ec0e4-3853-4a80-a9bb-86265d1f4bb9	POST	/users	undefined
20240620	11:04:56	f58e1822-9051-415b-9feb-5aed59169097	POST	/users	undefined
20240620	11:07:07	c25007be-8826-4115-8f39-a89773011208	POST	/users	undefined
20240620	11:08:02	910e7af5-05f9-49f1-b249-e549cc235a8b	POST	/users	undefined
20240620	11:09:27	b0edd996-bad7-4ca2-84ed-1c036864a6c7	GET	/users	undefined
20240620	11:12:58	683d5b33-fdaf-4fb4-a090-e8fa24ecf31c	POST	/users	undefined
20240620	11:13:46	6e677e16-073c-4780-87bb-540d90e12dcd	POST	/users	undefined
20240620	11:13:59	0e6ac139-faa9-4c77-b91d-02eca3dc6c26	POST	/users	undefined
20240620	11:14:43	c187bc7e-3507-494b-a5a5-e918ce104b7a	POST	/users	undefined
20240620	11:15:00	395af0ed-e1a3-4bc4-8b1f-f9034ba611f5	POST	/users	undefined
20240620	11:19:02	07d021e0-4364-45f2-aecf-1b0cb3a36563	GET	/users	undefined
20240620	11:25:33	5faa7ae9-99f0-445f-a0f3-8fb14c55ba8b	PATCH	/users	undefined
20240620	11:25:43	791a41a3-2d3d-47a8-be92-012b0fa14c1a	PATCH	/users	undefined
20240620	11:26:02	ac9cdfae-8ded-4250-9500-08885558c49a	PATCH	/users	undefined
20240620	11:43:37	85410d67-ee0c-4db8-9ef5-40abe0bd41bf	GET	/users	undefined
